{"/Users/ifahrentholz/dev/lips/lib/index.js":{"path":"/Users/ifahrentholz/dev/lips/lib/index.js","s":{"1":1,"2":1,"3":1,"4":1,"5":1},"b":{},"f":{"1":1},"fnMap":{"1":{"name":"(anonymous_1)","line":4,"loc":{"start":{"line":4,"column":17},"end":{"line":4,"column":36}}}},"statementMap":{"1":{"start":{"line":1,"column":0},"end":{"line":1,"column":38}},"2":{"start":{"line":2,"column":0},"end":{"line":2,"column":36}},"3":{"start":{"line":4,"column":0},"end":{"line":7,"column":2}},"4":{"start":{"line":5,"column":2},"end":{"line":5,"column":51}},"5":{"start":{"line":6,"column":2},"end":{"line":6,"column":14}}},"branchMap":{}},"/Users/ifahrentholz/dev/lips/lib/config/app.js":{"path":"/Users/ifahrentholz/dev/lips/lib/config/app.js","s":{"1":1,"2":1,"3":1,"4":1,"5":1,"6":1,"7":1,"8":4,"9":1,"10":1,"11":1,"12":1,"13":1,"14":0,"15":0,"16":0,"17":0,"18":0,"19":0,"20":0,"21":0,"22":0,"23":0,"24":1,"25":1,"26":1,"27":1},"b":{"1":[1,1],"2":[1,1],"3":[1,0],"4":[0,1],"5":[0,0]},"f":{"1":4,"2":1,"3":1,"4":0},"fnMap":{"1":{"name":"(anonymous_1)","line":34,"loc":{"start":{"line":34,"column":11},"end":{"line":34,"column":26}}},"2":{"name":"(anonymous_2)","line":38,"loc":{"start":{"line":38,"column":11},"end":{"line":38,"column":26}}},"3":{"name":"(anonymous_3)","line":44,"loc":{"start":{"line":44,"column":9},"end":{"line":44,"column":20}}},"4":{"name":"(anonymous_4)","line":58,"loc":{"start":{"line":58,"column":8},"end":{"line":58,"column":19}}}},"statementMap":{"1":{"start":{"line":1,"column":0},"end":{"line":1,"column":48}},"2":{"start":{"line":2,"column":0},"end":{"line":2,"column":48}},"3":{"start":{"line":3,"column":0},"end":{"line":3,"column":33}},"4":{"start":{"line":4,"column":0},"end":{"line":4,"column":27}},"5":{"start":{"line":5,"column":0},"end":{"line":5,"column":31}},"6":{"start":{"line":6,"column":0},"end":{"line":6,"column":39}},"7":{"start":{"line":9,"column":0},"end":{"line":66,"column":2}},"8":{"start":{"line":35,"column":4},"end":{"line":35,"column":34}},"9":{"start":{"line":39,"column":4},"end":{"line":39,"column":39}},"10":{"start":{"line":45,"column":4},"end":{"line":55,"column":5}},"11":{"start":{"line":46,"column":6},"end":{"line":46,"column":26}},"12":{"start":{"line":47,"column":6},"end":{"line":47,"column":46}},"13":{"start":{"line":48,"column":6},"end":{"line":54,"column":7}},"14":{"start":{"line":49,"column":8},"end":{"line":49,"column":104}},"15":{"start":{"line":50,"column":8},"end":{"line":50,"column":145}},"16":{"start":{"line":51,"column":8},"end":{"line":51,"column":104}},"17":{"start":{"line":52,"column":8},"end":{"line":52,"column":118}},"18":{"start":{"line":53,"column":8},"end":{"line":53,"column":104}},"19":{"start":{"line":59,"column":4},"end":{"line":64,"column":5}},"20":{"start":{"line":60,"column":6},"end":{"line":60,"column":27}},"21":{"start":{"line":61,"column":6},"end":{"line":61,"column":102}},"22":{"start":{"line":62,"column":6},"end":{"line":62,"column":143}},"23":{"start":{"line":63,"column":6},"end":{"line":63,"column":102}},"24":{"start":{"line":74,"column":0},"end":{"line":74,"column":39}},"25":{"start":{"line":78,"column":0},"end":{"line":78,"column":58}},"26":{"start":{"line":82,"column":0},"end":{"line":82,"column":63}},"27":{"start":{"line":83,"column":0},"end":{"line":83,"column":47}}},"branchMap":{"1":{"line":1,"type":"binary-expr","locations":[{"start":{"line":1,"column":10},"end":{"line":1,"column":30}},{"start":{"line":1,"column":34},"end":{"line":1,"column":47}}]},"2":{"line":18,"type":"binary-expr","locations":[{"start":{"line":18,"column":10},"end":{"line":18,"column":26}},{"start":{"line":18,"column":30},"end":{"line":18,"column":34}}]},"3":{"line":45,"type":"if","locations":[{"start":{"line":45,"column":4},"end":{"line":45,"column":4}},{"start":{"line":45,"column":4},"end":{"line":45,"column":4}}]},"4":{"line":48,"type":"if","locations":[{"start":{"line":48,"column":6},"end":{"line":48,"column":6}},{"start":{"line":48,"column":6},"end":{"line":48,"column":6}}]},"5":{"line":59,"type":"if","locations":[{"start":{"line":59,"column":4},"end":{"line":59,"column":4}},{"start":{"line":59,"column":4},"end":{"line":59,"column":4}}]}}},"/Users/ifahrentholz/dev/lips/lib/config/routes.js":{"path":"/Users/ifahrentholz/dev/lips/lib/config/routes.js","s":{"1":1,"2":1,"3":1,"4":1,"5":1,"6":0,"7":1,"8":1},"b":{"1":[0,1]},"f":{"1":1,"2":1},"fnMap":{"1":{"name":"(anonymous_1)","line":4,"loc":{"start":{"line":4,"column":17},"end":{"line":4,"column":32}}},"2":{"name":"(anonymous_2)","line":5,"loc":{"start":{"line":5,"column":53},"end":{"line":5,"column":69}}}},"statementMap":{"1":{"start":{"line":1,"column":0},"end":{"line":1,"column":31}},"2":{"start":{"line":2,"column":0},"end":{"line":2,"column":23}},"3":{"start":{"line":4,"column":0},"end":{"line":10,"column":2}},"4":{"start":{"line":5,"column":2},"end":{"line":9,"column":5}},"5":{"start":{"line":6,"column":4},"end":{"line":6,"column":37}},"6":{"start":{"line":6,"column":30},"end":{"line":6,"column":37}},"7":{"start":{"line":7,"column":4},"end":{"line":7,"column":52}},"8":{"start":{"line":8,"column":4},"end":{"line":8,"column":58}}},"branchMap":{"1":{"line":6,"type":"if","locations":[{"start":{"line":6,"column":4},"end":{"line":6,"column":4}},{"start":{"line":6,"column":4},"end":{"line":6,"column":4}}]}}},"/Users/ifahrentholz/dev/lips/lib/controllers/root.js":{"path":"/Users/ifahrentholz/dev/lips/lib/controllers/root.js","s":{"1":1,"2":1,"3":1,"4":1,"5":1,"6":4,"7":4,"8":4,"9":4,"10":4,"11":0,"12":0,"13":4,"14":4,"15":4,"16":4,"17":4,"18":0,"19":0,"20":4},"b":{"1":[0,4],"2":[0,4]},"f":{"1":1,"2":4,"3":4,"4":0},"fnMap":{"1":{"name":"(anonymous_1)","line":5,"loc":{"start":{"line":5,"column":17},"end":{"line":5,"column":32}}},"2":{"name":"(anonymous_2)","line":6,"loc":{"start":{"line":6,"column":69},"end":{"line":6,"column":95}}},"3":{"name":"(anonymous_3)","line":22,"loc":{"start":{"line":22,"column":38},"end":{"line":22,"column":60}}},"4":{"name":"(anonymous_4)","line":31,"loc":{"start":{"line":31,"column":19},"end":{"line":31,"column":29}}}},"statementMap":{"1":{"start":{"line":1,"column":0},"end":{"line":1,"column":39}},"2":{"start":{"line":2,"column":0},"end":{"line":2,"column":36}},"3":{"start":{"line":3,"column":0},"end":{"line":3,"column":56}},"4":{"start":{"line":5,"column":0},"end":{"line":41,"column":2}},"5":{"start":{"line":6,"column":2},"end":{"line":40,"column":5}},"6":{"start":{"line":7,"column":4},"end":{"line":7,"column":23}},"7":{"start":{"line":8,"column":4},"end":{"line":8,"column":22}},"8":{"start":{"line":9,"column":4},"end":{"line":20,"column":7}},"9":{"start":{"line":22,"column":4},"end":{"line":38,"column":7}},"10":{"start":{"line":23,"column":6},"end":{"line":23,"column":44}},"11":{"start":{"line":23,"column":17},"end":{"line":23,"column":34}},"12":{"start":{"line":23,"column":35},"end":{"line":23,"column":42}},"13":{"start":{"line":25,"column":6},"end":{"line":25,"column":68}},"14":{"start":{"line":26,"column":6},"end":{"line":26,"column":74}},"15":{"start":{"line":27,"column":6},"end":{"line":27,"column":51}},"16":{"start":{"line":28,"column":6},"end":{"line":28,"column":57}},"17":{"start":{"line":30,"column":6},"end":{"line":37,"column":7}},"18":{"start":{"line":31,"column":8},"end":{"line":33,"column":26}},"19":{"start":{"line":32,"column":10},"end":{"line":32,"column":26}},"20":{"start":{"line":36,"column":8},"end":{"line":36,"column":24}}},"branchMap":{"1":{"line":23,"type":"if","locations":[{"start":{"line":23,"column":6},"end":{"line":23,"column":6}},{"start":{"line":23,"column":6},"end":{"line":23,"column":6}}]},"2":{"line":30,"type":"if","locations":[{"start":{"line":30,"column":6},"end":{"line":30,"column":6}},{"start":{"line":30,"column":6},"end":{"line":30,"column":6}}]}}},"/Users/ifahrentholz/dev/lips/lib/services/image-service.js":{"path":"/Users/ifahrentholz/dev/lips/lib/services/image-service.js","s":{"1":1,"2":1,"3":1,"4":6,"5":6,"6":4,"7":2,"8":6,"9":6,"10":0,"11":6},"b":{"1":[4,2],"2":[0,6]},"f":{"1":6,"2":6},"fnMap":{"1":{"name":"(anonymous_1)","line":13,"loc":{"start":{"line":13,"column":15},"end":{"line":13,"column":43}}},"2":{"name":"(anonymous_2)","line":25,"loc":{"start":{"line":25,"column":37},"end":{"line":25,"column":59}}}},"statementMap":{"1":{"start":{"line":3,"column":0},"end":{"line":3,"column":36}},"2":{"start":{"line":4,"column":0},"end":{"line":4,"column":23}},"3":{"start":{"line":6,"column":0},"end":{"line":32,"column":2}},"4":{"start":{"line":14,"column":4},"end":{"line":14,"column":13}},"5":{"start":{"line":15,"column":4},"end":{"line":19,"column":5}},"6":{"start":{"line":16,"column":6},"end":{"line":16,"column":50}},"7":{"start":{"line":18,"column":6},"end":{"line":18,"column":26}},"8":{"start":{"line":21,"column":4},"end":{"line":30,"column":9}},"9":{"start":{"line":26,"column":8},"end":{"line":28,"column":9}},"10":{"start":{"line":27,"column":10},"end":{"line":27,"column":30}},"11":{"start":{"line":29,"column":8},"end":{"line":29,"column":31}}},"branchMap":{"1":{"line":15,"type":"if","locations":[{"start":{"line":15,"column":4},"end":{"line":15,"column":4}},{"start":{"line":15,"column":4},"end":{"line":15,"column":4}}]},"2":{"line":26,"type":"if","locations":[{"start":{"line":26,"column":8},"end":{"line":26,"column":8}},{"start":{"line":26,"column":8},"end":{"line":26,"column":8}}]}}}}