{"/Users/ifahrentholz/dev/lips/lib/server.js":{"path":"/Users/ifahrentholz/dev/lips/lib/server.js","s":{"1":1,"2":1,"3":1,"4":1,"5":1,"6":1,"7":1,"8":1,"9":1,"10":1,"11":1,"12":1},"b":{},"f":{"1":1,"2":1},"fnMap":{"1":{"name":"(anonymous_1)","line":1,"loc":{"start":{"line":1,"column":17},"end":{"line":1,"column":35}}},"2":{"name":"(anonymous_2)","line":8,"loc":{"start":{"line":8,"column":26},"end":{"line":8,"column":36}}}},"statementMap":{"1":{"start":{"line":1,"column":0},"end":{"line":15,"column":2}},"2":{"start":{"line":2,"column":2},"end":{"line":2,"column":33}},"3":{"start":{"line":3,"column":2},"end":{"line":3,"column":39}},"4":{"start":{"line":4,"column":2},"end":{"line":4,"column":44}},"5":{"start":{"line":5,"column":2},"end":{"line":5,"column":45}},"6":{"start":{"line":6,"column":2},"end":{"line":6,"column":37}},"7":{"start":{"line":8,"column":2},"end":{"line":14,"column":5}},"8":{"start":{"line":9,"column":4},"end":{"line":9,"column":100}},"9":{"start":{"line":10,"column":4},"end":{"line":10,"column":132}},"10":{"start":{"line":11,"column":4},"end":{"line":11,"column":100}},"11":{"start":{"line":12,"column":4},"end":{"line":12,"column":100}},"12":{"start":{"line":13,"column":4},"end":{"line":13,"column":100}}},"branchMap":{}},"/Users/ifahrentholz/dev/lips/lib/config/config.js":{"path":"/Users/ifahrentholz/dev/lips/lib/config/config.js","s":{"1":1,"2":1},"b":{},"f":{},"fnMap":{},"statementMap":{"1":{"start":{"line":1,"column":0},"end":{"line":1,"column":40}},"2":{"start":{"line":3,"column":0},"end":{"line":16,"column":2}}},"branchMap":{}},"/Users/ifahrentholz/dev/lips/lib/services/image-service.js":{"path":"/Users/ifahrentholz/dev/lips/lib/services/image-service.js","s":{"1":1,"2":1,"3":6,"4":6,"5":3,"6":3,"7":6,"8":6,"9":4,"10":6},"b":{"1":[3,3],"2":[4,2]},"f":{"1":6,"2":6},"fnMap":{"1":{"name":"(anonymous_1)","line":10,"loc":{"start":{"line":10,"column":15},"end":{"line":10,"column":43}}},"2":{"name":"(anonymous_2)","line":22,"loc":{"start":{"line":22,"column":37},"end":{"line":22,"column":59}}}},"statementMap":{"1":{"start":{"line":1,"column":0},"end":{"line":1,"column":23}},"2":{"start":{"line":3,"column":0},"end":{"line":29,"column":2}},"3":{"start":{"line":11,"column":4},"end":{"line":11,"column":13}},"4":{"start":{"line":12,"column":4},"end":{"line":16,"column":5}},"5":{"start":{"line":13,"column":6},"end":{"line":13,"column":50}},"6":{"start":{"line":15,"column":6},"end":{"line":15,"column":26}},"7":{"start":{"line":18,"column":4},"end":{"line":27,"column":9}},"8":{"start":{"line":23,"column":8},"end":{"line":25,"column":9}},"9":{"start":{"line":24,"column":10},"end":{"line":24,"column":30}},"10":{"start":{"line":26,"column":8},"end":{"line":26,"column":31}}},"branchMap":{"1":{"line":12,"type":"if","locations":[{"start":{"line":12,"column":4},"end":{"line":12,"column":4}},{"start":{"line":12,"column":4},"end":{"line":12,"column":4}}]},"2":{"line":23,"type":"if","locations":[{"start":{"line":23,"column":8},"end":{"line":23,"column":8}},{"start":{"line":23,"column":8},"end":{"line":23,"column":8}}]}}},"/Users/ifahrentholz/dev/lips/lib/app.js":{"path":"/Users/ifahrentholz/dev/lips/lib/app.js","s":{"1":1,"2":1,"3":1,"4":1,"5":1,"6":1,"7":1,"8":4,"9":4,"10":4,"11":4,"12":8,"13":4,"14":4,"15":4,"16":4,"17":4,"18":4,"19":1,"20":1,"21":3,"22":1},"b":{"1":[4,4],"2":[1,3]},"f":{"1":1,"2":4,"3":8,"4":1},"fnMap":{"1":{"name":"(anonymous_1)","line":1,"loc":{"start":{"line":1,"column":17},"end":{"line":1,"column":34}}},"2":{"name":"(anonymous_2)","line":8,"loc":{"start":{"line":8,"column":63},"end":{"line":8,"column":88}}},"3":{"name":"(anonymous_3)","line":24,"loc":{"start":{"line":24,"column":38},"end":{"line":24,"column":59}}},"4":{"name":"(anonymous_4)","line":35,"loc":{"start":{"line":35,"column":19},"end":{"line":35,"column":30}}}},"statementMap":{"1":{"start":{"line":1,"column":0},"end":{"line":48,"column":2}},"2":{"start":{"line":2,"column":2},"end":{"line":2,"column":33}},"3":{"start":{"line":3,"column":2},"end":{"line":3,"column":35}},"4":{"start":{"line":4,"column":2},"end":{"line":4,"column":39}},"5":{"start":{"line":5,"column":2},"end":{"line":5,"column":22}},"6":{"start":{"line":6,"column":2},"end":{"line":6,"column":57}},"7":{"start":{"line":8,"column":2},"end":{"line":45,"column":5}},"8":{"start":{"line":9,"column":4},"end":{"line":9,"column":23}},"9":{"start":{"line":10,"column":4},"end":{"line":10,"column":22}},"10":{"start":{"line":11,"column":4},"end":{"line":22,"column":7}},"11":{"start":{"line":24,"column":4},"end":{"line":43,"column":6}},"12":{"start":{"line":25,"column":6},"end":{"line":27,"column":7}},"13":{"start":{"line":26,"column":8},"end":{"line":26,"column":32}},"14":{"start":{"line":29,"column":6},"end":{"line":29,"column":68}},"15":{"start":{"line":30,"column":6},"end":{"line":30,"column":74}},"16":{"start":{"line":31,"column":6},"end":{"line":31,"column":51}},"17":{"start":{"line":32,"column":6},"end":{"line":32,"column":57}},"18":{"start":{"line":34,"column":6},"end":{"line":41,"column":7}},"19":{"start":{"line":35,"column":8},"end":{"line":37,"column":26}},"20":{"start":{"line":36,"column":10},"end":{"line":36,"column":26}},"21":{"start":{"line":40,"column":8},"end":{"line":40,"column":24}},"22":{"start":{"line":47,"column":2},"end":{"line":47,"column":13}}},"branchMap":{"1":{"line":25,"type":"if","locations":[{"start":{"line":25,"column":6},"end":{"line":25,"column":6}},{"start":{"line":25,"column":6},"end":{"line":25,"column":6}}]},"2":{"line":34,"type":"if","locations":[{"start":{"line":34,"column":6},"end":{"line":34,"column":6}},{"start":{"line":34,"column":6},"end":{"line":34,"column":6}}]}}}}