TN:
SF:/Users/ifahrentholz/dev/lips/lib/index.js
FN:4,(anonymous_1)
FNF:1
FNH:1
FNDA:1,(anonymous_1)
DA:1,1
DA:2,1
DA:4,1
DA:5,1
DA:6,1
LF:5
LH:5
BRF:0
BRH:0
end_of_record
TN:
SF:/Users/ifahrentholz/dev/lips/lib/config/app.js
FN:34,(anonymous_1)
FN:38,(anonymous_2)
FN:44,(anonymous_3)
FN:58,(anonymous_4)
FNF:4
FNH:3
FNDA:4,(anonymous_1)
FNDA:1,(anonymous_2)
FNDA:1,(anonymous_3)
FNDA:0,(anonymous_4)
DA:1,1
DA:2,1
DA:3,1
DA:4,1
DA:5,1
DA:6,1
DA:9,1
DA:35,4
DA:39,1
DA:45,1
DA:46,1
DA:47,1
DA:48,1
DA:49,0
DA:50,0
DA:51,0
DA:52,0
DA:53,0
DA:59,0
DA:60,0
DA:61,0
DA:62,0
DA:63,0
DA:74,1
DA:78,1
DA:82,1
DA:83,1
LF:27
LH:17
BRDA:1,1,0,1
BRDA:1,1,1,1
BRDA:18,2,0,1
BRDA:18,2,1,1
BRDA:45,3,0,1
BRDA:45,3,1,0
BRDA:48,4,0,0
BRDA:48,4,1,1
BRDA:59,5,0,0
BRDA:59,5,1,0
BRF:10
BRH:6
end_of_record
TN:
SF:/Users/ifahrentholz/dev/lips/lib/config/routes.js
FN:4,(anonymous_1)
FN:5,(anonymous_2)
FNF:2
FNH:2
FNDA:1,(anonymous_1)
FNDA:1,(anonymous_2)
DA:1,1
DA:2,1
DA:4,1
DA:5,1
DA:6,1
DA:7,1
DA:8,1
LF:7
LH:7
BRDA:6,1,0,0
BRDA:6,1,1,1
BRF:2
BRH:1
end_of_record
TN:
SF:/Users/ifahrentholz/dev/lips/lib/controllers/root.js
FN:5,(anonymous_1)
FN:6,(anonymous_2)
FN:22,(anonymous_3)
FN:31,(anonymous_4)
FNF:4
FNH:3
FNDA:1,(anonymous_1)
FNDA:4,(anonymous_2)
FNDA:4,(anonymous_3)
FNDA:0,(anonymous_4)
DA:1,1
DA:2,1
DA:3,1
DA:5,1
DA:6,1
DA:7,4
DA:8,4
DA:9,4
DA:22,4
DA:23,4
DA:25,4
DA:26,4
DA:27,4
DA:28,4
DA:30,4
DA:31,0
DA:32,0
DA:36,4
LF:18
LH:16
BRDA:23,1,0,0
BRDA:23,1,1,4
BRDA:30,2,0,0
BRDA:30,2,1,4
BRF:4
BRH:2
end_of_record
TN:
SF:/Users/ifahrentholz/dev/lips/lib/services/image-service.js
FN:13,(anonymous_1)
FN:25,(anonymous_2)
FNF:2
FNH:2
FNDA:6,(anonymous_1)
FNDA:6,(anonymous_2)
DA:3,1
DA:4,1
DA:6,1
DA:14,6
DA:15,6
DA:16,4
DA:18,2
DA:21,6
DA:26,6
DA:27,0
DA:29,6
LF:11
LH:10
BRDA:15,1,0,4
BRDA:15,1,1,2
BRDA:26,2,0,0
BRDA:26,2,1,6
BRF:4
BRH:3
end_of_record
