TN:
SF:/Users/ifahrentholz/dev/lips/lib/server.js
FN:1,(anonymous_1)
FN:8,(anonymous_2)
FNF:2
FNH:2
FNDA:1,(anonymous_1)
FNDA:1,(anonymous_2)
DA:1,1
DA:2,1
DA:3,1
DA:4,1
DA:5,1
DA:6,1
DA:8,1
DA:9,1
DA:10,1
DA:11,1
DA:12,1
DA:13,1
LF:12
LH:12
BRF:0
BRH:0
end_of_record
TN:
SF:/Users/ifahrentholz/dev/lips/lib/config/config.js
FNF:0
FNH:0
DA:1,1
DA:3,1
LF:2
LH:2
BRF:0
BRH:0
end_of_record
TN:
SF:/Users/ifahrentholz/dev/lips/lib/services/image-service.js
FN:10,(anonymous_1)
FN:22,(anonymous_2)
FNF:2
FNH:2
FNDA:6,(anonymous_1)
FNDA:6,(anonymous_2)
DA:1,1
DA:3,1
DA:11,6
DA:12,6
DA:13,3
DA:15,3
DA:18,6
DA:23,6
DA:24,4
DA:26,6
LF:10
LH:10
BRDA:12,1,0,3
BRDA:12,1,1,3
BRDA:23,2,0,4
BRDA:23,2,1,2
BRF:4
BRH:4
end_of_record
TN:
SF:/Users/ifahrentholz/dev/lips/lib/app.js
FN:1,(anonymous_1)
FN:8,(anonymous_2)
FN:24,(anonymous_3)
FN:35,(anonymous_4)
FNF:4
FNH:4
FNDA:1,(anonymous_1)
FNDA:4,(anonymous_2)
FNDA:8,(anonymous_3)
FNDA:1,(anonymous_4)
DA:1,1
DA:2,1
DA:3,1
DA:4,1
DA:5,1
DA:6,1
DA:8,1
DA:9,4
DA:10,4
DA:11,4
DA:24,4
DA:25,8
DA:26,4
DA:29,4
DA:30,4
DA:31,4
DA:32,4
DA:34,4
DA:35,1
DA:36,1
DA:40,3
DA:47,1
LF:22
LH:22
BRDA:25,1,0,4
BRDA:25,1,1,4
BRDA:34,2,0,1
BRDA:34,2,1,3
BRF:4
BRH:4
end_of_record
